================================================================================
HPLinpack 2.3  --  High-Performance Linpack benchmark  --   December 2, 2018
Written by A. Petitet and R. Clint Whaley,  Innovative Computing Laboratory, UTK
Modified by Piotr Luszczek, Innovative Computing Laboratory, UTK
Modified by Julien Langou, University of Colorado Denver
================================================================================

An explanation of the input/output parameters follows:
T/V    : Wall time / encoded variant.
N      : The order of the coefficient matrix A.
NB     : The partitioning blocking factor.
P      : The number of process rows.
Q      : The number of process columns.
Time   : Time in seconds to solve the linear system.
Gflops : Rate of execution for solving the linear system.

The following parameter values will be used:

N      :     320
NB     :      16
PMAP   : Row-major process mapping
P      :       2
Q      :       2
PFACT  :    Left    Crout    Right
NBMIN  :       2        4
NDIV   :       2
RFACT  :    Left    Crout    Right
BCAST  :   1ring
DEPTH  :       0
SWAP   : Mix (threshold = 64)
L1     : transposed form
U      : transposed form
EQUIL  : yes
ALIGN  : 8 double precision words

--------------------------------------------------------------------------------

- The matrix A is randomly generated for each test.
- The following scaled residual check will be computed:
      ||Ax-b||_oo / ( eps * ( || x ||_oo * || A ||_oo + || b ||_oo ) * N )
- The relative machine precision (eps) is taken to be               1.110223e-16
- Computational tests pass if scaled residuals are less than                16.0

================================================================================
T/V                N    NB     P     Q               Time                 Gflops
--------------------------------------------------------------------------------
WR00L2L2         320    16     2     2              17.68             1.2443e-03
HPL_pdgesv() start time Wed May 28 08:02:24 2025

HPL_pdgesv() end time   Wed May 28 08:02:41 2025

--------------------------------------------------------------------------------
||Ax-b||_oo/(eps*(||A||_oo*||x||_oo+||b||_oo)*N)=   5.82083165e-03 ...... PASSED
================================================================================
T/V                N    NB     P     Q               Time                 Gflops
--------------------------------------------------------------------------------
WR00L2L4         320    16     2     2              15.14             1.4531e-03
HPL_pdgesv() start time Wed May 28 08:02:42 2025

HPL_pdgesv() end time   Wed May 28 08:02:57 2025

--------------------------------------------------------------------------------
||Ax-b||_oo/(eps*(||A||_oo*||x||_oo+||b||_oo)*N)=   6.28525970e-03 ...... PASSED
================================================================================
T/V                N    NB     P     Q               Time                 Gflops
--------------------------------------------------------------------------------
WR00L2C2         320    16     2     2              17.53             1.2550e-03
HPL_pdgesv() start time Wed May 28 08:02:58 2025

HPL_pdgesv() end time   Wed May 28 08:03:16 2025

--------------------------------------------------------------------------------
||Ax-b||_oo/(eps*(||A||_oo*||x||_oo+||b||_oo)*N)=   5.82083165e-03 ...... PASSED
================================================================================
T/V                N    NB     P     Q               Time                 Gflops
--------------------------------------------------------------------------------
WR00L2C4         320    16     2     2              18.95             1.1609e-03
HPL_pdgesv() start time Wed May 28 08:03:17 2025

HPL_pdgesv() end time   Wed May 28 08:03:36 2025

--------------------------------------------------------------------------------
||Ax-b||_oo/(eps*(||A||_oo*||x||_oo+||b||_oo)*N)=   6.28525970e-03 ...... PASSED
================================================================================
T/V                N    NB     P     Q               Time                 Gflops
--------------------------------------------------------------------------------
WR00L2R2         320    16     2     2              15.43             1.4258e-03
HPL_pdgesv() start time Wed May 28 08:03:37 2025

HPL_pdgesv() end time   Wed May 28 08:03:53 2025

--------------------------------------------------------------------------------
||Ax-b||_oo/(eps*(||A||_oo*||x||_oo+||b||_oo)*N)=   7.21411582e-03 ...... PASSED
================================================================================
T/V                N    NB     P     Q               Time                 Gflops
--------------------------------------------------------------------------------
WR00L2R4         320    16     2     2              19.00             1.1579e-03
HPL_pdgesv() start time Wed May 28 08:03:54 2025

HPL_pdgesv() end time   Wed May 28 08:04:13 2025

--------------------------------------------------------------------------------
||Ax-b||_oo/(eps*(||A||_oo*||x||_oo+||b||_oo)*N)=   6.65680215e-03 ...... PASSED
================================================================================
T/V                N    NB     P     Q               Time                 Gflops
--------------------------------------------------------------------------------
WR00C2L2         320    16     2     2              16.13             1.3639e-03
HPL_pdgesv() start time Wed May 28 08:04:14 2025

HPL_pdgesv() end time   Wed May 28 08:04:30 2025

--------------------------------------------------------------------------------
||Ax-b||_oo/(eps*(||A||_oo*||x||_oo+||b||_oo)*N)=   5.82083165e-03 ...... PASSED
================================================================================
T/V                N    NB     P     Q               Time                 Gflops
--------------------------------------------------------------------------------
WR00C2L4         320    16     2     2              17.65             1.2465e-03
HPL_pdgesv() start time Wed May 28 08:04:31 2025

HPL_pdgesv() end time   Wed May 28 08:04:48 2025

--------------------------------------------------------------------------------
||Ax-b||_oo/(eps*(||A||_oo*||x||_oo+||b||_oo)*N)=   6.28525970e-03 ...... PASSED
================================================================================
T/V                N    NB     P     Q               Time                 Gflops
--------------------------------------------------------------------------------
WR00C2C2         320    16     2     2              16.64             1.3221e-03
HPL_pdgesv() start time Wed May 28 08:04:50 2025

HPL_pdgesv() end time   Wed May 28 08:05:06 2025

--------------------------------------------------------------------------------
||Ax-b||_oo/(eps*(||A||_oo*||x||_oo+||b||_oo)*N)=   5.82083165e-03 ...... PASSED
================================================================================
T/V                N    NB     P     Q               Time                 Gflops
--------------------------------------------------------------------------------
WR00C2C4         320    16     2     2              16.16             1.3614e-03
HPL_pdgesv() start time Wed May 28 08:05:08 2025

HPL_pdgesv() end time   Wed May 28 08:05:24 2025

--------------------------------------------------------------------------------
||Ax-b||_oo/(eps*(||A||_oo*||x||_oo+||b||_oo)*N)=   6.28525970e-03 ...... PASSED
================================================================================
T/V                N    NB     P     Q               Time                 Gflops
--------------------------------------------------------------------------------
WR00C2R2         320    16     2     2              17.67             1.2450e-03
HPL_pdgesv() start time Wed May 28 08:05:25 2025

HPL_pdgesv() end time   Wed May 28 08:05:43 2025

--------------------------------------------------------------------------------
||Ax-b||_oo/(eps*(||A||_oo*||x||_oo+||b||_oo)*N)=   7.21411582e-03 ...... PASSED
================================================================================
T/V                N    NB     P     Q               Time                 Gflops
--------------------------------------------------------------------------------
WR00C2R4         320    16     2     2              16.96             1.2972e-03
HPL_pdgesv() start time Wed May 28 08:05:44 2025

HPL_pdgesv() end time   Wed May 28 08:06:00 2025

--------------------------------------------------------------------------------
||Ax-b||_oo/(eps*(||A||_oo*||x||_oo+||b||_oo)*N)=   6.65680215e-03 ...... PASSED
================================================================================
T/V                N    NB     P     Q               Time                 Gflops
--------------------------------------------------------------------------------
WR00R2L2         320    16     2     2              14.89             1.4775e-03
HPL_pdgesv() start time Wed May 28 08:06:01 2025

HPL_pdgesv() end time   Wed May 28 08:06:16 2025

--------------------------------------------------------------------------------
||Ax-b||_oo/(eps*(||A||_oo*||x||_oo+||b||_oo)*N)=   5.82083165e-03 ...... PASSED
================================================================================
T/V                N    NB     P     Q               Time                 Gflops
--------------------------------------------------------------------------------
WR00R2L4         320    16     2     2              17.37             1.2665e-03
HPL_pdgesv() start time Wed May 28 08:06:17 2025

HPL_pdgesv() end time   Wed May 28 08:06:35 2025

--------------------------------------------------------------------------------
||Ax-b||_oo/(eps*(||A||_oo*||x||_oo+||b||_oo)*N)=   6.28525970e-03 ...... PASSED
================================================================================
T/V                N    NB     P     Q               Time                 Gflops
--------------------------------------------------------------------------------
WR00R2C2         320    16     2     2              17.58             1.2514e-03
HPL_pdgesv() start time Wed May 28 08:06:36 2025

HPL_pdgesv() end time   Wed May 28 08:06:53 2025

--------------------------------------------------------------------------------
||Ax-b||_oo/(eps*(||A||_oo*||x||_oo+||b||_oo)*N)=   5.82083165e-03 ...... PASSED
================================================================================
T/V                N    NB     P     Q               Time                 Gflops
--------------------------------------------------------------------------------
WR00R2C4         320    16     2     2              17.66             1.2458e-03
HPL_pdgesv() start time Wed May 28 08:06:54 2025

HPL_pdgesv() end time   Wed May 28 08:07:12 2025

--------------------------------------------------------------------------------
||Ax-b||_oo/(eps*(||A||_oo*||x||_oo+||b||_oo)*N)=   6.28525970e-03 ...... PASSED
================================================================================
T/V                N    NB     P     Q               Time                 Gflops
--------------------------------------------------------------------------------
WR00R2R2         320    16     2     2              14.49             1.5183e-03
HPL_pdgesv() start time Wed May 28 08:07:13 2025

HPL_pdgesv() end time   Wed May 28 08:07:28 2025

--------------------------------------------------------------------------------
||Ax-b||_oo/(eps*(||A||_oo*||x||_oo+||b||_oo)*N)=   7.21411582e-03 ...... PASSED
================================================================================
T/V                N    NB     P     Q               Time                 Gflops
--------------------------------------------------------------------------------
WR00R2R4         320    16     2     2              13.74             1.6012e-03
HPL_pdgesv() start time Wed May 28 08:07:28 2025

HPL_pdgesv() end time   Wed May 28 08:07:42 2025

--------------------------------------------------------------------------------
||Ax-b||_oo/(eps*(||A||_oo*||x||_oo+||b||_oo)*N)=   6.65680215e-03 ...... PASSED
================================================================================

Finished     18 tests with the following results:
             18 tests completed and passed residual checks,
              0 tests completed and failed residual checks,
              0 tests skipped because of illegal input values.
--------------------------------------------------------------------------------

End of Tests.
================================================================================